<?xml version="1.0" encoding="UTF-8"?>
<!-- Generated by org.testng.reporters.JUnitReportReporter -->
<testsuite hostname="DESKTOP-LJMUJPO" failures="0" tests="2" name="combine.Test1" time="0.020" errors="0" timestamp="2023-08-16T17:17:34 IST" skipped="0">
  <testcase classname="combine.Test1" name="data2" time="0.005">
    <system-out>
      <![CDATA[world]]>
    </system-out>
  </testcase> <!-- data2 -->
  <testcase classname="combine.Test1" name="data1" time="0.015">
    <system-out>
      <![CDATA[hello]]>
    </system-out>
  </testcase> <!-- data1 -->
  <system-out>
    <![CDATA[hello
world
india]]>
  </system-out>
</testsuite> <!-- combine.Test1 -->
