<?xml version="1.0" encoding="UTF-8"?>
<!-- Generated by org.testng.reporters.JUnitReportReporter -->
<testsuite hostname="DESKTOP-LJMUJPO" failures="0" tests="1" name="combine.Test2" time="0.001" errors="0" timestamp="2023-08-16T17:17:34 IST" skipped="0">
  <testcase classname="combine.Test2" name="data3" time="0.001">
    <system-out>
      <![CDATA[india]]>
    </system-out>
  </testcase> <!-- data3 -->
  <system-out>
    <![CDATA[hello
world
india]]>
  </system-out>
</testsuite> <!-- combine.Test2 -->
