<?xml version="1.0" encoding="UTF-8"?>
<!-- Generated by org.testng.reporters.JUnitReportReporter -->
<testsuite hostname="DESKTOP-LJMUJPO" failures="0" tests="1" name="combine.Fb1" time="21.204" errors="0" timestamp="2023-08-17T10:39:56 IST" skipped="0">
  <testcase classname="combine.Fb1" name="data1" time="21.204">
    <system-out>
      <![CDATA[Facebook]]>
    </system-out>
  </testcase> <!-- data1 -->
  <system-out>
    <![CDATA[Sony Music South - YouTube
Facebook]]>
  </system-out>
</testsuite> <!-- combine.Fb1 -->
