<?xml version="1.0" encoding="UTF-8"?>
<!-- Generated by org.testng.reporters.JUnitReportReporter -->
<testsuite hostname="DESKTOP-LJMUJPO" failures="0" tests="2" name="combine.Fb2" time="23.678" errors="0" timestamp="2023-08-17T10:47:49 IST" skipped="0">
  <testcase classname="combine.Fb2" name="data1" time="14.984">
    <system-out>
      <![CDATA[Google
Google]]>
    </system-out>
  </testcase> <!-- data1 -->
  <testcase classname="combine.Fb2" name="data2" time="8.694">
    <system-out>
      <![CDATA[Google]]>
    </system-out>
  </testcase> <!-- data2 -->
  <system-out>
    <![CDATA[Google
Google
Google]]>
  </system-out>
</testsuite> <!-- combine.Fb2 -->
